The time of route planning is 0.0165735
======= Report at 0 hours =======
155 ships at sea, 0 ships in port, 3875 tonnes in transit
======= Report at 1000 hours =======
196 ships at sea, 3 ships in port, 4680 tonnes in transit
======= Report at 2000 hours =======
201 ships at sea, 0 ships in port, 4840 tonnes in transit
======= Report at 3000 hours =======
201 ships at sea, 0 ships in port, 4870 tonnes in transit
======= Report at 4000 hours =======
199 ships at sea, 1 ships in port, 4840 tonnes in transit
======= Report at 5000 hours =======
199 ships at sea, 0 ships in port, 4860 tonnes in transit
======= Report at 6000 hours =======
199 ships at sea, 0 ships in port, 4860 tonnes in transit
======= Report at 7000 hours =======
193 ships at sea, 1 ships in port, 4570 tonnes in transit
======= Report at 8000 hours =======
201 ships at sea, 0 ships in port, 4385 tonnes in transit
======= Report at 9000 hours =======
193 ships at sea, 0 ships in port, 4135 tonnes in transit
The time of simulation is 25.9196
======= Final report at 10000 hours =======
Port 2 shipped 1200 tonnes and 0 arrived
Port 0 shipped 2080 tonnes and 1585 arrived
Port 4 shipped 4050 tonnes and 915 arrived
Port 3 shipped 1080 tonnes and 920 arrived
Port 1 shipped 830 tonnes and 1240 arrived
