The time of route planning is 0.453742
======= Report at 0 hours =======
155 ships at sea, 0 ships in port, 3875 tonnes in transit
======= Report at 1000 hours =======
198 ships at sea, 4 ships in port, 4690 tonnes in transit
======= Report at 2000 hours =======
199 ships at sea, 0 ships in port, 4770 tonnes in transit
======= Report at 3000 hours =======
194 ships at sea, 0 ships in port, 4430 tonnes in transit
======= Report at 4000 hours =======
189 ships at sea, 4 ships in port, 4355 tonnes in transit
======= Report at 5000 hours =======
197 ships at sea, 0 ships in port, 4470 tonnes in transit
======= Report at 6000 hours =======
197 ships at sea, 0 ships in port, 4470 tonnes in transit
======= Report at 7000 hours =======
191 ships at sea, 1 ships in port, 4645 tonnes in transit
======= Report at 8000 hours =======
187 ships at sea, 1 ships in port, 3830 tonnes in transit
======= Report at 9000 hours =======
187 ships at sea, 0 ships in port, 3770 tonnes in transit
The time of simulation is 826.29
======= Final report at 10000 hours =======
Port 2 shipped 1200 tonnes and 0 arrived
Port 0 shipped 2200 tonnes and 1950 arrived
Port 4 shipped 4700 tonnes and 950 arrived
Port 3 shipped 1095 tonnes and 960 arrived
Port 1 shipped 1000 tonnes and 1590 arrived
