The time of route planning is 0.115218
======= Report at 0 hours =======
155 ships at sea, 0 ships in port, 3875 tonnes in transit
======= Report at 1000 hours =======
199 ships at sea, 1 ships in port, 4800 tonnes in transit
======= Report at 2000 hours =======
202 ships at sea, 1 ships in port, 5070 tonnes in transit
======= Report at 3000 hours =======
203 ships at sea, 0 ships in port, 5090 tonnes in transit
======= Report at 4000 hours =======
200 ships at sea, 2 ships in port, 5060 tonnes in transit
======= Report at 5000 hours =======
203 ships at sea, 0 ships in port, 5095 tonnes in transit
======= Report at 6000 hours =======
203 ships at sea, 0 ships in port, 5095 tonnes in transit
======= Report at 7000 hours =======
200 ships at sea, 1 ships in port, 4790 tonnes in transit
======= Report at 8000 hours =======
199 ships at sea, 0 ships in port, 4095 tonnes in transit
======= Report at 9000 hours =======
186 ships at sea, 0 ships in port, 3530 tonnes in transit
The time of simulation is 207.099
======= Final report at 10000 hours =======
Port 2 shipped 1200 tonnes and 0 arrived
Port 0 shipped 1740 tonnes and 1250 arrived
Port 4 shipped 4250 tonnes and 935 arrived
Port 3 shipped 960 tonnes and 690 arrived
Port 1 shipped 1080 tonnes and 1865 arrived
