The time of route planning is 0.00953514
======= Report at 0 hours =======
155 ships at sea, 0 ships in port, 3875 tonnes in transit
======= Report at 1000 hours =======
192 ships at sea, 4 ships in port, 4570 tonnes in transit
======= Report at 2000 hours =======
196 ships at sea, 0 ships in port, 4770 tonnes in transit
======= Report at 3000 hours =======
196 ships at sea, 0 ships in port, 4770 tonnes in transit
======= Report at 4000 hours =======
194 ships at sea, 1 ships in port, 4740 tonnes in transit
======= Report at 5000 hours =======
195 ships at sea, 0 ships in port, 4765 tonnes in transit
======= Report at 6000 hours =======
195 ships at sea, 0 ships in port, 4765 tonnes in transit
======= Report at 7000 hours =======
191 ships at sea, 2 ships in port, 4990 tonnes in transit
======= Report at 8000 hours =======
188 ships at sea, 0 ships in port, 4460 tonnes in transit
======= Report at 9000 hours =======
188 ships at sea, 0 ships in port, 4530 tonnes in transit
The time of simulation is 13.0204
======= Final report at 10000 hours =======
Port 2 shipped 1200 tonnes and 0 arrived
Port 0 shipped 1640 tonnes and 1265 arrived
Port 4 shipped 3950 tonnes and 795 arrived
Port 3 shipped 1155 tonnes and 1010 arrived
Port 1 shipped 780 tonnes and 1005 arrived
