The time of route planning is 0.0588723
======= Report at 0 hours =======
155 ships at sea, 0 ships in port, 3875 tonnes in transit
======= Report at 1000 hours =======
195 ships at sea, 1 ships in port, 4720 tonnes in transit
======= Report at 2000 hours =======
193 ships at sea, 0 ships in port, 4890 tonnes in transit
======= Report at 3000 hours =======
175 ships at sea, 0 ships in port, 3990 tonnes in transit
======= Report at 4000 hours =======
169 ships at sea, 5 ships in port, 3905 tonnes in transit
======= Report at 5000 hours =======
175 ships at sea, 0 ships in port, 3990 tonnes in transit
======= Report at 6000 hours =======
175 ships at sea, 0 ships in port, 3990 tonnes in transit
======= Report at 7000 hours =======
174 ships at sea, 0 ships in port, 4210 tonnes in transit
======= Report at 8000 hours =======
173 ships at sea, 0 ships in port, 3725 tonnes in transit
======= Report at 9000 hours =======
172 ships at sea, 0 ships in port, 3770 tonnes in transit
The time of simulation is 103.55
======= Final report at 10000 hours =======
Port 2 shipped 1200 tonnes and 0 arrived
Port 0 shipped 1660 tonnes and 1265 arrived
Port 4 shipped 4750 tonnes and 960 arrived
Port 3 shipped 1110 tonnes and 900 arrived
Port 1 shipped 930 tonnes and 1430 arrived
