The time of route planning is 0.0343377
======= Report at 0 hours =======
155 ships at sea, 0 ships in port, 3875 tonnes in transit
======= Report at 1000 hours =======
199 ships at sea, 1 ships in port, 4830 tonnes in transit
======= Report at 2000 hours =======
200 ships at sea, 1 ships in port, 5150 tonnes in transit
======= Report at 3000 hours =======
200 ships at sea, 0 ships in port, 5030 tonnes in transit
======= Report at 4000 hours =======
195 ships at sea, 4 ships in port, 4980 tonnes in transit
======= Report at 5000 hours =======
197 ships at sea, 0 ships in port, 5020 tonnes in transit
======= Report at 6000 hours =======
197 ships at sea, 0 ships in port, 5020 tonnes in transit
======= Report at 7000 hours =======
195 ships at sea, 1 ships in port, 4985 tonnes in transit
======= Report at 8000 hours =======
200 ships at sea, 2 ships in port, 4615 tonnes in transit
======= Report at 9000 hours =======
201 ships at sea, 0 ships in port, 4585 tonnes in transit
The time of simulation is 57.8922
======= Final report at 10000 hours =======
Port 2 shipped 1200 tonnes and 0 arrived
Port 0 shipped 1600 tonnes and 1270 arrived
Port 4 shipped 5050 tonnes and 1150 arrived
Port 3 shipped 1095 tonnes and 1050 arrived
Port 1 shipped 980 tonnes and 1605 arrived
