The time of route planning is 0.0186661
======= Report at 0 hours =======
155 ships at sea, 0 ships in port, 3875 tonnes in transit
======= Report at 1000 hours =======
196 ships at sea, 3 ships in port, 4740 tonnes in transit
======= Report at 2000 hours =======
196 ships at sea, 1 ships in port, 4890 tonnes in transit
======= Report at 3000 hours =======
197 ships at sea, 0 ships in port, 4880 tonnes in transit
======= Report at 4000 hours =======
194 ships at sea, 2 ships in port, 4790 tonnes in transit
======= Report at 5000 hours =======
196 ships at sea, 0 ships in port, 4825 tonnes in transit
======= Report at 6000 hours =======
196 ships at sea, 0 ships in port, 4825 tonnes in transit
======= Report at 7000 hours =======
197 ships at sea, 1 ships in port, 4895 tonnes in transit
======= Report at 8000 hours =======
205 ships at sea, 1 ships in port, 4430 tonnes in transit
======= Report at 9000 hours =======
205 ships at sea, 0 ships in port, 4405 tonnes in transit
The time of simulation is 28.9326
======= Final report at 10000 hours =======
Port 2 shipped 1200 tonnes and 0 arrived
Port 0 shipped 1680 tonnes and 1265 arrived
Port 4 shipped 4900 tonnes and 1090 arrived
Port 3 shipped 960 tonnes and 650 arrived
Port 1 shipped 1060 tonnes and 1705 arrived
