The time of route planning is 0.227777
======= Report at 0 hours =======
155 ships at sea, 0 ships in port, 3875 tonnes in transit
======= Report at 1000 hours =======
197 ships at sea, 2 ships in port, 4850 tonnes in transit
======= Report at 2000 hours =======
200 ships at sea, 0 ships in port, 5270 tonnes in transit
======= Report at 3000 hours =======
182 ships at sea, 0 ships in port, 4250 tonnes in transit
======= Report at 4000 hours =======
178 ships at sea, 3 ships in port, 4180 tonnes in transit
======= Report at 5000 hours =======
179 ships at sea, 0 ships in port, 4195 tonnes in transit
======= Report at 6000 hours =======
179 ships at sea, 0 ships in port, 4195 tonnes in transit
======= Report at 7000 hours =======
175 ships at sea, 1 ships in port, 4240 tonnes in transit
======= Report at 8000 hours =======
179 ships at sea, 0 ships in port, 3645 tonnes in transit
======= Report at 9000 hours =======
178 ships at sea, 0 ships in port, 3770 tonnes in transit
The time of simulation is 413.578
======= Final report at 10000 hours =======
Port 2 shipped 1200 tonnes and 0 arrived
Port 0 shipped 1780 tonnes and 1360 arrived
Port 4 shipped 4950 tonnes and 1130 arrived
Port 3 shipped 1065 tonnes and 990 arrived
Port 1 shipped 920 tonnes and 1450 arrived
