The time of route planning is 0.0307028
======= Report at 0 hours =======
155 ships at sea, 0 ships in port, 3875 tonnes in transit
======= Report at 1000 hours =======
196 ships at sea, 2 ships in port, 4710 tonnes in transit
======= Report at 2000 hours =======
198 ships at sea, 0 ships in port, 4990 tonnes in transit
======= Report at 3000 hours =======
198 ships at sea, 0 ships in port, 4990 tonnes in transit
======= Report at 4000 hours =======
193 ships at sea, 4 ships in port, 4880 tonnes in transit
======= Report at 5000 hours =======
197 ships at sea, 0 ships in port, 4935 tonnes in transit
======= Report at 6000 hours =======
197 ships at sea, 0 ships in port, 4935 tonnes in transit
======= Report at 7000 hours =======
191 ships at sea, 0 ships in port, 4820 tonnes in transit
======= Report at 8000 hours =======
168 ships at sea, 0 ships in port, 4080 tonnes in transit
======= Report at 9000 hours =======
168 ships at sea, 0 ships in port, 4080 tonnes in transit
The time of simulation is 51.8308
======= Final report at 10000 hours =======
Port 2 shipped 1200 tonnes and 0 arrived
Port 0 shipped 1500 tonnes and 1270 arrived
Port 4 shipped 4250 tonnes and 890 arrived
Port 3 shipped 870 tonnes and 560 arrived
Port 1 shipped 810 tonnes and 1225 arrived
