The time of route planning is 0.0166774
======= Report at 0 hours =======
155 ships at sea, 0 ships in port, 3875 tonnes in transit
======= Report at 1000 hours =======
200 ships at sea, 2 ships in port, 4850 tonnes in transit
======= Report at 2000 hours =======
205 ships at sea, 1 ships in port, 5340 tonnes in transit
======= Report at 3000 hours =======
206 ships at sea, 0 ships in port, 5390 tonnes in transit
======= Report at 4000 hours =======
200 ships at sea, 3 ships in port, 5275 tonnes in transit
======= Report at 5000 hours =======
202 ships at sea, 0 ships in port, 5270 tonnes in transit
======= Report at 6000 hours =======
202 ships at sea, 0 ships in port, 5270 tonnes in transit
======= Report at 7000 hours =======
199 ships at sea, 0 ships in port, 5280 tonnes in transit
======= Report at 8000 hours =======
199 ships at sea, 1 ships in port, 4635 tonnes in transit
======= Report at 9000 hours =======
200 ships at sea, 0 ships in port, 4705 tonnes in transit
The time of simulation is 28.8976
======= Final report at 10000 hours =======
Port 2 shipped 1200 tonnes and 0 arrived
Port 0 shipped 1980 tonnes and 1465 arrived
Port 4 shipped 5300 tonnes and 1165 arrived
Port 3 shipped 1035 tonnes and 870 arrived
Port 1 shipped 930 tonnes and 1550 arrived
